AH00558: apache2: Could not reliably determine the server's fully qualified domain name, using 172.24.0.2. Set the 'ServerName' directive globally to suppress this message
[Mon Nov 21 15:59:41.782877 2016] [mpm_prefork:notice] [pid 9] AH00163: Apache/2.4.10 (Debian) configured -- resuming normal operations
[Mon Nov 21 15:59:41.783398 2016] [core:notice] [pid 9] AH00094: Command line: 'apache2 -D FOREGROUND'
AH00558: apache2: Could not reliably determine the server's fully qualified domain name, using 172.24.0.3. Set the 'ServerName' directive globally to suppress this message
[Mon Nov 21 16:00:28.150514 2016] [mpm_prefork:notice] [pid 7] AH00163: Apache/2.4.10 (Debian) configured -- resuming normal operations
[Mon Nov 21 16:00:28.151266 2016] [core:notice] [pid 7] AH00094: Command line: 'apache2 -D FOREGROUND'
AH00558: apache2: Could not reliably determine the server's fully qualified domain name, using 172.24.0.2. Set the 'ServerName' directive globally to suppress this message
[Mon Nov 21 16:01:11.169970 2016] [mpm_prefork:notice] [pid 9] AH00163: Apache/2.4.10 (Debian) configured -- resuming normal operations
[Mon Nov 21 16:01:11.170448 2016] [core:notice] [pid 9] AH00094: Command line: 'apache2 -D FOREGROUND'
AH00558: apache2: Could not reliably determine the server's fully qualified domain name, using 172.24.0.3. Set the 'ServerName' directive globally to suppress this message
[Mon Nov 21 16:02:21.891866 2016] [mpm_prefork:notice] [pid 7] AH00163: Apache/2.4.10 (Debian) configured -- resuming normal operations
[Mon Nov 21 16:02:21.892431 2016] [core:notice] [pid 7] AH00094: Command line: 'apache2 -D FOREGROUND'
sh: 1: ifconfig: not found
fatal: Not a git repository (or any parent up to mount point /var/www/html)
Stopping at filesystem boundary (GIT_DISCOVERY_ACROSS_FILESYSTEM not set).
[Mon Nov 21 16:24:56.082502 2016] [:error] [pid 9] [client ::1:34124] PHP Fatal error:  Uncaught ReflectionException: Class Screlec\\Middle\\Controllers\\RootController does not exist in /var/www/html/vendor/mouf/mouf/src/Mouf/Reflection/MoufReflectionClass.php:68\nStack trace:\n#0 /var/www/html/vendor/mouf/mouf/src/Mouf/Reflection/MoufReflectionClass.php(68): ReflectionClass->__construct('Screlec\\\\Middle\\\\...')\n#1 /var/www/html/vendor/mouf/mouf/src/direct/get_class.php(37): Mouf\\Reflection\\MoufReflectionClass->__construct('Screlec\\\\Middle\\\\...')\n#2 {main}\n  thrown in /var/www/html/vendor/mouf/mouf/src/Mouf/Reflection/MoufReflectionClass.php on line 68
[Mon Nov 21 16:24:56.085005 2016] [:error] [pid 726] [client 172.24.0.2:43402] ERROR: Message: An error occured while retrieving message: <br />\n<b>Fatal error</b>:  Uncaught ReflectionException: Class Screlec\\Middle\\Controllers\\RootController does not exist in /var/www/html/vendor/mouf/mouf/src/Mouf/Reflection/MoufReflectionClass.php:68\nStack trace:\n#0 /var/www/html/vendor/mouf/mouf/src/Mouf/Reflection/MoufReflectionClass.php(68): ReflectionClass-&gt;__construct('Screlec\\\\Middle\\\\...')\n#1 /var/www/html/vendor/mouf/mouf/src/direct/get_class.php(37): Mouf\\Reflection\\MoufReflectionClass-&gt;__construct('Screlec\\\\Middle\\\\...')\n#2 {main}\n  thrown in <b>/var/www/html/vendor/mouf/mouf/src/Mouf/Reflection/MoufReflectionClass.php</b> on line <b>68</b><br />\n\nFile: /var/www/html/vendor/mouf/mouf/src/Mouf/Reflection/MoufXmlReflectionClass.php\nLine: 60\nStacktrace:\nIn /var/www/html/vendor/mouf/mouf/src/Mouf/Reflection/MoufReflectionProxy.php at line 35: Mouf\\Reflection\\MoufXmlReflectionClass->__construct("<br />\\n<b>Fatal error</b>:  Uncaught ReflectionException: Class Screlec\\Middle\\Controllers\\RootController does not exist in /var/www/html/vendor/mouf/mouf/src/Mouf/Reflection/MoufReflectionClass.php:68\\nStack trace:\\n#0 /var/www/html/vendor/mouf/mouf/src/Mouf/Reflection/MoufReflectionClass.php(68): ReflectionClass-&gt;__construct('Screlec\\\\Middle\\\\...')\\n#1 /var/www/html/vendor/mouf/mouf/src/direct/get_class.php(37): Mouf\\Reflection\\MoufReflectionClass-&gt;__construct('Screlec\\\\Middle\\\\...')\\n#2 {main}\\n  thrown in <b>/var/www/html/vendor/mouf/mouf/src/Mouf/Reflection/MoufReflectionClass.php</b> on line <b>68</b><br />\\n")\nIn /var/www/html/vendor/mouf/mouf/src/Mouf/MoufManager.php at line 1982: Mouf\\Reflection\\MoufReflectionProxy::getClass("Screlec\\Middle\\Controllers\\RootController", false)\nIn /var/www/html/vendor/mouf/mouf/src/Mouf/MoufInstanceDescriptor.php at line 167: Mouf\\MoufManager->getClassDescriptor("Screlec\\Middle\\Controllers\\RootController")\nIn /var/www/html/vendor/mouf/mouf/src/Mouf/MoufInstanceDescriptor.php at line 180: Mouf\\MoufInstanceDescriptor->getClassDescriptor()\nIn /var/www/html/vendor/mouf/mvc.splash-common/src/Mouf/Mvc/Splash/Services/SplashCreateControllerService.php at line 424: Mouf\\MoufInstanceDescriptor->getProperty("template")\nIn /var/www/html/vendor/mouf/mvc.splash/src/Mouf/Mvc/Splash/Controllers/Admin/SplashInstallController.php at line 363: Mouf\\Mvc\\Splash\\Services\\SplashCreateControllerService->generate(Object Mouf\\MoufManager, "RootController", "rootController", "Screlec\\Middle\\Controllers", false, true, false, array( 0 => array( "url" => "/", "method" => "index", "view" => "twig", "twigFile" => "views/root/index.twig", "anyMethod" => "true", "getMethod" => "false", "postMethod" => "false", "putMethod" => "false", "deleteMethod" => "false" ) ))\nMouf\\Mvc\\Splash\\Controllers\\Admin\\SplashInstallController->generate("Screlec\\Middle\\Controllers\\", "views/", "false")\nIn /var/www/html/vendor/mouf/mouf/vendor/mouf/mvc.splash/src/Mouf/Mvc/Splash/Splash.php at line 268: array( 0 => Object Mouf\\Mvc\\Splash\\Controllers\\Admin\\SplashInstallController, 1 => "generate" ), array( 0 => "Screlec\\Middle\\Controllers", 1 => "views/", 2 => "false" ))\nIn /var/www/html/vendor/mouf/mouf/vendor/mouf/mvc.splash/src/splash.php at line 26: Mouf\\Mvc\\Splash\\Splash->route("/vendor/mouf/mouf/")\nIn /var/www/html/vendor/mouf/mouf/src/mouf_router.php at line 13: "/var/www/html/vendor/mouf/mouf/vendor/mouf/mvc.splash/src/splash.php")\n, referer: http://middle.test.dev:1080/vendor/mouf/mouf/splash8install/configure?selfedit=false
sh: 1: ifconfig: not found
[Mon Nov 21 16:41:35.610342 2016] [:error] [pid 725] [client ::1:35022] PHP Fatal error:  Class 'Composer\\Installer\\LibraryInstaller' not found in /var/www/html/vendor/mouf/mouf-installer/src/Mouf/Installer/MoufFrameworkInstaller.php on line 18
[Mon Nov 21 16:41:35.707886 2016] [:error] [pid 11] [client ::1:35024] PHP Fatal error:  Class 'Composer\\Installer\\LibraryInstaller' not found in /var/www/html/vendor/mouf/mouf-installer/src/Mouf/Installer/MoufLibraryInstaller.php on line 20
[Mon Nov 21 16:41:36.211798 2016] [:error] [pid 13] [client ::1:35026] PHP Fatal error:  Interface 'Composer\\IO\\IOInterface' not found in /var/www/html/vendor/mouf/mouf/src/Mouf/Composer/MoufComposerIO.php on line 12
[Mon Nov 21 16:41:36.284318 2016] [:error] [pid 1968] [client ::1:35028] PHP Fatal error:  Interface 'Composer\\IO\\IOInterface' not found in /var/www/html/vendor/mouf/mouf/src/Mouf/Composer/MoufJsComposerIO.php on line 12
[Mon Nov 21 16:41:38.942502 2016] [:error] [pid 2412] [client ::1:35030] PHP Fatal error:  Class 'Composer\\Installer\\LibraryInstaller' not found in /var/www/html/vendor/mouf/html.utils.weblibrarymanager.component-installer/src/ComponentInstaller.php on line 16
[Mon Nov 21 16:41:39.001930 2016] [:error] [pid 9] [client ::1:35032] PHP Fatal error:  Interface 'Composer\\Plugin\\PluginInterface' not found in /var/www/html/vendor/mouf/html.utils.weblibrarymanager.component-installer/src/ComponentInstallerPlugin.php on line 13
[Mon Nov 21 16:41:39.075986 2016] [:error] [pid 12] [client ::1:35034] PHP Fatal error:  Class 'Symfony\\Component\\Console\\Command\\Command' not found in /var/www/html/vendor/mouf/oo-amqp-client/src/Commands/ConsumeCommand.php on line 11
[Mon Nov 21 16:41:39.172899 2016] [:error] [pid 726] [client ::1:35036] PHP Fatal error:  Class 'Symfony\\Component\\Console\\Command\\Command' not found in /var/www/html/vendor/mouf/oo-amqp-client/src/Commands/PublishCommand.php on line 13
AH00558: apache2: Could not reliably determine the server's fully qualified domain name, using 172.24.0.3. Set the 'ServerName' directive globally to suppress this message
[Wed Nov 23 14:53:56.277896 2016] [mpm_prefork:notice] [pid 7] AH00163: Apache/2.4.10 (Debian) configured -- resuming normal operations
[Wed Nov 23 14:53:56.278592 2016] [core:notice] [pid 7] AH00094: Command line: 'apache2 -D FOREGROUND'
[Wed Nov 23 15:20:08.863560 2016] [core:error] [pid 9] [client 172.24.0.2:37814] AH00124: Request exceeded the limit of 10 internal redirects due to probable configuration error. Use 'LimitInternalRecursion' to increase the limit if necessary. Use 'LogLevel debug' to get a backtrace.
[Wed Nov 23 15:20:09.040971 2016] [core:error] [pid 12] [client 172.24.0.2:37816] AH00124: Request exceeded the limit of 10 internal redirects due to probable configuration error. Use 'LimitInternalRecursion' to increase the limit if necessary. Use 'LogLevel debug' to get a backtrace., referer: http://middle.test.dev:1080/vendor/mouf/mouf/
[Wed Nov 23 15:23:28.206966 2016] [:error] [pid 695] [client ::1:41328] PHP Fatal error:  Class 'Composer\\Installer\\LibraryInstaller' not found in /var/www/html/vendor/mouf/mouf-installer/src/Mouf/Installer/MoufFrameworkInstaller.php on line 18
[Wed Nov 23 15:23:28.266300 2016] [:error] [pid 11] [client ::1:41330] PHP Fatal error:  Class 'Composer\\Installer\\LibraryInstaller' not found in /var/www/html/vendor/mouf/mouf-installer/src/Mouf/Installer/MoufLibraryInstaller.php on line 20
[Wed Nov 23 15:23:28.590433 2016] [:error] [pid 705] [client ::1:41332] PHP Fatal error:  Interface 'Composer\\IO\\IOInterface' not found in /var/www/html/vendor/mouf/mouf/src/Mouf/Composer/MoufComposerIO.php on line 12
[Wed Nov 23 15:23:28.649163 2016] [:error] [pid 706] [client ::1:41334] PHP Fatal error:  Interface 'Composer\\IO\\IOInterface' not found in /var/www/html/vendor/mouf/mouf/src/Mouf/Composer/MoufJsComposerIO.php on line 12
[Wed Nov 23 15:23:30.774428 2016] [:error] [pid 703] [client ::1:41336] PHP Fatal error:  Class 'Composer\\Installer\\LibraryInstaller' not found in /var/www/html/vendor/mouf/html.utils.weblibrarymanager.component-installer/src/ComponentInstaller.php on line 16
[Wed Nov 23 15:23:30.844384 2016] [:error] [pid 10] [client ::1:41338] PHP Fatal error:  Interface 'Composer\\Plugin\\PluginInterface' not found in /var/www/html/vendor/mouf/html.utils.weblibrarymanager.component-installer/src/ComponentInstallerPlugin.php on line 13
[Wed Nov 23 15:23:30.918605 2016] [:error] [pid 9] [client ::1:41340] PHP Fatal error:  Class 'Symfony\\Component\\Console\\Command\\Command' not found in /var/www/html/vendor/mouf/oo-amqp-client/src/Commands/ConsumeCommand.php on line 11
[Wed Nov 23 15:23:30.967248 2016] [:error] [pid 13] [client ::1:41342] PHP Fatal error:  Class 'Symfony\\Component\\Console\\Command\\Command' not found in /var/www/html/vendor/mouf/oo-amqp-client/src/Commands/PublishCommand.php on line 13
[Wed Nov 23 16:28:47.176242 2016] [:error] [pid 741] [client ::1:41914] PHP Fatal error:  Class 'Composer\\Installer\\LibraryInstaller' not found in /var/www/html/vendor/mouf/mouf-installer/src/Mouf/Installer/MoufFrameworkInstaller.php on line 18
[Wed Nov 23 16:28:47.370789 2016] [:error] [pid 703] [client ::1:41916] PHP Fatal error:  Class 'Composer\\Installer\\LibraryInstaller' not found in /var/www/html/vendor/mouf/mouf-installer/src/Mouf/Installer/MoufLibraryInstaller.php on line 20
[Wed Nov 23 16:28:47.907261 2016] [:error] [pid 705] [client ::1:41918] PHP Fatal error:  Interface 'Composer\\IO\\IOInterface' not found in /var/www/html/vendor/mouf/mouf/src/Mouf/Composer/MoufComposerIO.php on line 12
[Wed Nov 23 16:28:47.971275 2016] [:error] [pid 733] [client ::1:41920] PHP Fatal error:  Interface 'Composer\\IO\\IOInterface' not found in /var/www/html/vendor/mouf/mouf/src/Mouf/Composer/MoufJsComposerIO.php on line 12
[Wed Nov 23 16:28:51.590821 2016] [:error] [pid 695] [client ::1:41922] PHP Fatal error:  Class 'Composer\\Installer\\LibraryInstaller' not found in /var/www/html/vendor/mouf/html.utils.weblibrarymanager.component-installer/src/ComponentInstaller.php on line 16
[Wed Nov 23 16:28:51.664940 2016] [:error] [pid 12] [client ::1:41924] PHP Fatal error:  Interface 'Composer\\Plugin\\PluginInterface' not found in /var/www/html/vendor/mouf/html.utils.weblibrarymanager.component-installer/src/ComponentInstallerPlugin.php on line 13
[Wed Nov 23 16:28:51.776305 2016] [:error] [pid 1442] [client ::1:41926] PHP Fatal error:  Class 'Symfony\\Component\\Console\\Command\\Command' not found in /var/www/html/vendor/mouf/oo-amqp-client/src/Commands/ConsumeCommand.php on line 11
[Wed Nov 23 16:28:51.918966 2016] [:error] [pid 13] [client ::1:41928] PHP Fatal error:  Class 'Symfony\\Component\\Console\\Command\\Command' not found in /var/www/html/vendor/mouf/oo-amqp-client/src/Commands/PublishCommand.php on line 13
AH00558: apache2: Could not reliably determine the server's fully qualified domain name, using 172.24.0.3. Set the 'ServerName' directive globally to suppress this message
[Fri Nov 25 12:07:27.334420 2016] [mpm_prefork:notice] [pid 8] AH00163: Apache/2.4.10 (Debian) configured -- resuming normal operations
[Fri Nov 25 12:07:27.335119 2016] [core:notice] [pid 8] AH00094: Command line: 'apache2 -D FOREGROUND'
[Fri Nov 25 12:51:12.999024 2016] [autoindex:error] [pid 10] [client 172.24.0.2:50878] AH01276: Cannot serve directory /var/www/html/: No matching DirectoryIndex (index.php,index.html) found, and server-generated directory index forbidden by Options directive
[Fri Nov 25 12:54:23.569494 2016] [:error] [pid 12] [client ::1:47222] PHP Fatal error:  Class 'Composer\\Installer\\LibraryInstaller' not found in /var/www/html/vendor/mouf/mouf-installer/src/Mouf/Installer/MoufFrameworkInstaller.php on line 18
[Fri Nov 25 12:54:23.663456 2016] [:error] [pid 13] [client ::1:47224] PHP Fatal error:  Class 'Composer\\Installer\\LibraryInstaller' not found in /var/www/html/vendor/mouf/mouf-installer/src/Mouf/Installer/MoufLibraryInstaller.php on line 20
[Fri Nov 25 12:54:24.294371 2016] [:error] [pid 14] [client ::1:47226] PHP Fatal error:  Interface 'Composer\\IO\\IOInterface' not found in /var/www/html/vendor/mouf/mouf/src/Mouf/Composer/MoufComposerIO.php on line 12
[Fri Nov 25 12:54:24.357414 2016] [:error] [pid 695] [client ::1:47228] PHP Fatal error:  Interface 'Composer\\IO\\IOInterface' not found in /var/www/html/vendor/mouf/mouf/src/Mouf/Composer/MoufJsComposerIO.php on line 12
[Fri Nov 25 12:54:27.214147 2016] [:error] [pid 720] [client ::1:47230] PHP Fatal error:  Class 'Composer\\Installer\\LibraryInstaller' not found in /var/www/html/vendor/mouf/html.utils.weblibrarymanager.component-installer/src/ComponentInstaller.php on line 16
[Fri Nov 25 12:54:27.303039 2016] [:error] [pid 11] [client ::1:47232] PHP Fatal error:  Interface 'Composer\\Plugin\\PluginInterface' not found in /var/www/html/vendor/mouf/html.utils.weblibrarymanager.component-installer/src/ComponentInstallerPlugin.php on line 13
[Fri Nov 25 12:54:27.368704 2016] [:error] [pid 12] [client ::1:47234] PHP Fatal error:  Class 'Symfony\\Component\\Console\\Command\\Command' not found in /var/www/html/vendor/mouf/oo-amqp-client/src/Commands/ConsumeCommand.php on line 11
[Fri Nov 25 12:54:27.473255 2016] [:error] [pid 13] [client ::1:47236] PHP Fatal error:  Class 'Symfony\\Component\\Console\\Command\\Command' not found in /var/www/html/vendor/mouf/oo-amqp-client/src/Commands/PublishCommand.php on line 13
sh: 1: ifconfig: not found
fatal: Not a git repository (or any parent up to mount point /var/www/html)
Stopping at filesystem boundary (GIT_DISCOVERY_ACROSS_FILESYSTEM not set).
[Fri Nov 25 12:55:40.443386 2016] [:error] [pid 720] [client 172.24.0.2:51244] ERROR: Message: Errors detected\nFile: /var/www/html/vendor/mouf/mvc.splash-common/src/Mouf/Mvc/Splash/Services/SplashCreateControllerService.php\nLine: 452\nStacktrace:\nIn /var/www/html/vendor/mouf/mvc.splash/src/Mouf/Mvc/Splash/Controllers/Admin/SplashInstallController.php at line 363: Mouf\\Mvc\\Splash\\Services\\SplashCreateControllerService->generate(Object Mouf\\MoufManager, "RootController", "rootController", "Screlec\\Middle\\Controllers", false, true, false, array( 0 => array( "url" => "/", "method" => "index", "view" => "twig", "twigFile" => "views/root/index.twig", "anyMethod" => "true", "getMethod" => "false", "postMethod" => "false", "putMethod" => "false", "deleteMethod" => "false" ) ))\nMouf\\Mvc\\Splash\\Controllers\\Admin\\SplashInstallController->generate("Screlec\\Middle\\Controllers\\", "views/", "false")\nIn /var/www/html/vendor/mouf/mouf/vendor/mouf/mvc.splash/src/Mouf/Mvc/Splash/Splash.php at line 268: array( 0 => Object Mouf\\Mvc\\Splash\\Controllers\\Admin\\SplashInstallController, 1 => "generate" ), array( 0 => "Screlec\\Middle\\Controllers", 1 => "views/", 2 => "false" ))\nIn /var/www/html/vendor/mouf/mouf/vendor/mouf/mvc.splash/src/splash.php at line 26: Mouf\\Mvc\\Splash\\Splash->route("/vendor/mouf/mouf/")\nIn /var/www/html/vendor/mouf/mouf/src/mouf_router.php at line 13: "/var/www/html/vendor/mouf/mouf/vendor/mouf/mvc.splash/src/splash.php")\n, referer: http://middle.test.dev:1080/vendor/mouf/mouf/splash8install/configure?selfedit=false
[Fri Nov 25 12:55:56.944743 2016] [:error] [pid 10] [client 172.24.0.2:51274] ERROR: Message: Errors detected\nFile: /var/www/html/vendor/mouf/mvc.splash-common/src/Mouf/Mvc/Splash/Services/SplashCreateControllerService.php\nLine: 452\nStacktrace:\nIn /var/www/html/vendor/mouf/mvc.splash/src/Mouf/Mvc/Splash/Controllers/Admin/SplashInstallController.php at line 363: Mouf\\Mvc\\Splash\\Services\\SplashCreateControllerService->generate(Object Mouf\\MoufManager, "RootController", "rootController", "Screlec\\Middle\\Controllers", false, true, false, array( 0 => array( "url" => "/", "method" => "index", "view" => "twig", "twigFile" => "views/root/index.twig", "anyMethod" => "true", "getMethod" => "false", "postMethod" => "false", "putMethod" => "false", "deleteMethod" => "false" ) ))\nMouf\\Mvc\\Splash\\Controllers\\Admin\\SplashInstallController->generate("Screlec\\Middle\\Controllers\\", "views/", "false")\nIn /var/www/html/vendor/mouf/mouf/vendor/mouf/mvc.splash/src/Mouf/Mvc/Splash/Splash.php at line 268: array( 0 => Object Mouf\\Mvc\\Splash\\Controllers\\Admin\\SplashInstallController, 1 => "generate" ), array( 0 => "Screlec\\Middle\\Controllers", 1 => "views/", 2 => "false" ))\nIn /var/www/html/vendor/mouf/mouf/vendor/mouf/mvc.splash/src/splash.php at line 26: Mouf\\Mvc\\Splash\\Splash->route("/vendor/mouf/mouf/")\nIn /var/www/html/vendor/mouf/mouf/src/mouf_router.php at line 13: "/var/www/html/vendor/mouf/mouf/vendor/mouf/mvc.splash/src/splash.php")\n, referer: http://middle.test.dev:1080/vendor/mouf/mouf/splash8install/configure?selfedit=false
AH00558: apache2: Could not reliably determine the server's fully qualified domain name, using 172.24.0.3. Set the 'ServerName' directive globally to suppress this message
[Fri Nov 25 12:57:06.611023 2016] [mpm_prefork:notice] [pid 8] AH00163: Apache/2.4.10 (Debian) configured -- resuming normal operations
[Fri Nov 25 12:57:06.611783 2016] [core:notice] [pid 8] AH00094: Command line: 'apache2 -D FOREGROUND'
AH00558: apache2: Could not reliably determine the server's fully qualified domain name, using 172.24.0.3. Set the 'ServerName' directive globally to suppress this message
[Fri Nov 25 13:00:28.287571 2016] [mpm_prefork:notice] [pid 7] AH00163: Apache/2.4.10 (Debian) configured -- resuming normal operations
[Fri Nov 25 13:00:28.288156 2016] [core:notice] [pid 7] AH00094: Command line: 'apache2 -D FOREGROUND'
AH00558: apache2: Could not reliably determine the server's fully qualified domain name, using 172.24.0.4. Set the 'ServerName' directive globally to suppress this message
[Fri Nov 25 13:00:29.338314 2016] [mpm_prefork:notice] [pid 8] AH00163: Apache/2.4.10 (Debian) configured -- resuming normal operations
[Fri Nov 25 13:00:29.339019 2016] [core:notice] [pid 8] AH00094: Command line: 'apache2 -D FOREGROUND'
sh: 1: ifconfig: not found
fatal: Not a git repository (or any parent up to mount point /var/www/html)
Stopping at filesystem boundary (GIT_DISCOVERY_ACROSS_FILESYSTEM not set).
[Fri Nov 25 13:07:28.176813 2016] [:error] [pid 748] [client ::1:48604] PHP Fatal error:  Class 'Composer\\Installer\\LibraryInstaller' not found in /var/www/html/vendor/mouf/mouf-installer/src/Mouf/Installer/MoufFrameworkInstaller.php on line 18
[Fri Nov 25 13:07:29.145150 2016] [:error] [pid 748] [client ::1:48632] PHP Fatal error:  Class 'Composer\\Installer\\LibraryInstaller' not found in /var/www/html/vendor/mouf/mouf-installer/src/Mouf/Installer/MoufLibraryInstaller.php on line 20
[Fri Nov 25 13:07:29.732086 2016] [:error] [pid 13] [client ::1:48644] PHP Fatal error:  Interface 'Composer\\IO\\IOInterface' not found in /var/www/html/vendor/mouf/mouf/src/Mouf/Composer/MoufComposerIO.php on line 12
[Fri Nov 25 13:07:30.101128 2016] [:error] [pid 749] [client ::1:48650] PHP Fatal error:  Interface 'Composer\\IO\\IOInterface' not found in /var/www/html/vendor/mouf/mouf/src/Mouf/Composer/MoufJsComposerIO.php on line 12
[Fri Nov 25 13:07:30.277053 2016] [:error] [pid 725] [client ::1:48652] PHP Parse error:  syntax error, unexpected end of file, expecting ']' in /var/www/html/mouf/MoufComponents.php on line 217
[Fri Nov 25 13:07:30.639791 2016] [:error] [pid 12] [client 172.24.0.2:39980] PHP Fatal error:  Uncaught Mouf\\MoufException: Error while running classes analysis: <br />\n<b>Parse error</b>:  syntax error, unexpected end of file, expecting ']' in <b>/var/www/html/mouf/MoufComponents.php</b> on line <b>217</b><br />\n in /var/www/html/vendor/mouf/mouf/src/Mouf/MoufClassExplorer.php:85\nStack trace:\n#0 /var/www/html/vendor/mouf/mouf/src/Mouf/MoufClassExplorer.php(193): Mouf\\MoufClassExplorer->analyze()\n#1 /var/www/html/vendor/mouf/mouf/src/Mouf/Moufspector.php(35): Mouf\\MoufClassExplorer->getClassMap()\n#2 /var/www/html/vendor/mouf/mouf/src/direct/get_validators_list.php(72): Mouf\\Moufspector::getComponentsList('Mouf\\\\Validator\\\\...', false)\n#3 {main}\n  thrown in /var/www/html/vendor/mouf/mouf/src/Mouf/MoufClassExplorer.php on line 85, referer: http://middle.test.dev:1080/vendor/mouf/mouf/validate/
sh: 1: ifconfig: not found
AH00558: apache2: Could not reliably determine the server's fully qualified domain name, using 172.24.0.3. Set the 'ServerName' directive globally to suppress this message
[Mon Nov 28 11:35:17.178633 2016] [mpm_prefork:notice] [pid 8] AH00163: Apache/2.4.10 (Debian) configured -- resuming normal operations
[Mon Nov 28 11:35:17.179117 2016] [core:notice] [pid 8] AH00094: Command line: 'apache2 -D FOREGROUND'
AH00558: apache2: Could not reliably determine the server's fully qualified domain name, using 172.24.0.3. Set the 'ServerName' directive globally to suppress this message
[Mon Nov 28 11:40:22.559171 2016] [mpm_prefork:notice] [pid 7] AH00163: Apache/2.4.10 (Debian) configured -- resuming normal operations
[Mon Nov 28 11:40:22.559620 2016] [core:notice] [pid 7] AH00094: Command line: 'apache2 -D FOREGROUND'
AH00558: apache2: Could not reliably determine the server's fully qualified domain name, using 172.24.0.3. Set the 'ServerName' directive globally to suppress this message
[Mon Nov 28 11:41:49.489576 2016] [mpm_prefork:notice] [pid 8] AH00163: Apache/2.4.10 (Debian) configured -- resuming normal operations
[Mon Nov 28 11:41:49.490138 2016] [core:notice] [pid 8] AH00094: Command line: 'apache2 -D FOREGROUND'
AH00558: apache2: Could not reliably determine the server's fully qualified domain name, using 172.24.0.2. Set the 'ServerName' directive globally to suppress this message
[Mon Nov 28 11:43:06.667786 2016] [mpm_prefork:notice] [pid 7] AH00163: Apache/2.4.10 (Debian) configured -- resuming normal operations
[Mon Nov 28 11:43:06.668525 2016] [core:notice] [pid 7] AH00094: Command line: 'apache2 -D FOREGROUND'
AH00558: apache2: Could not reliably determine the server's fully qualified domain name, using 172.24.0.3. Set the 'ServerName' directive globally to suppress this message
[Mon Nov 28 11:48:06.983795 2016] [mpm_prefork:notice] [pid 7] AH00163: Apache/2.4.10 (Debian) configured -- resuming normal operations
[Mon Nov 28 11:48:06.984368 2016] [core:notice] [pid 7] AH00094: Command line: 'apache2 -D FOREGROUND'
[Mon Nov 28 11:48:50.275738 2016] [:error] [pid 12] [client ::1:36320] PHP Fatal error:  Class 'Composer\\Installer\\LibraryInstaller' not found in /var/www/html/vendor/mouf/mouf-installer/src/Mouf/Installer/MoufFrameworkInstaller.php on line 18
[Mon Nov 28 11:48:50.397714 2016] [:error] [pid 22] [client ::1:36322] PHP Fatal error:  Class 'Composer\\Installer\\LibraryInstaller' not found in /var/www/html/vendor/mouf/mouf-installer/src/Mouf/Installer/MoufLibraryInstaller.php on line 20
[Mon Nov 28 11:48:50.765669 2016] [:error] [pid 24] [client ::1:36324] PHP Fatal error:  Interface 'Composer\\IO\\IOInterface' not found in /var/www/html/vendor/mouf/mouf/src/Mouf/Composer/MoufComposerIO.php on line 12
[Mon Nov 28 11:48:50.833780 2016] [:error] [pid 25] [client ::1:36326] PHP Fatal error:  Interface 'Composer\\IO\\IOInterface' not found in /var/www/html/vendor/mouf/mouf/src/Mouf/Composer/MoufJsComposerIO.php on line 12
[Mon Nov 28 11:48:55.251544 2016] [:error] [pid 11] [client ::1:36328] PHP Fatal error:  Class 'Composer\\Installer\\LibraryInstaller' not found in /var/www/html/vendor/mouf/html.utils.weblibrarymanager.component-installer/src/ComponentInstaller.php on line 16
[Mon Nov 28 11:48:55.319818 2016] [:error] [pid 13] [client ::1:36330] PHP Fatal error:  Interface 'Composer\\Plugin\\PluginInterface' not found in /var/www/html/vendor/mouf/html.utils.weblibrarymanager.component-installer/src/ComponentInstallerPlugin.php on line 13
[Mon Nov 28 11:48:55.436949 2016] [:error] [pid 14] [client ::1:36332] PHP Fatal error:  Class 'Symfony\\Component\\Console\\Command\\Command' not found in /var/www/html/vendor/mouf/oo-amqp-client/src/Commands/ConsumeCommand.php on line 11
[Mon Nov 28 11:48:55.501127 2016] [:error] [pid 9] [client ::1:36334] PHP Fatal error:  Class 'Symfony\\Component\\Console\\Command\\Command' not found in /var/www/html/vendor/mouf/oo-amqp-client/src/Commands/PublishCommand.php on line 13
[Mon Nov 28 12:57:57.176346 2016] [:error] [pid 22] [client ::1:36396] PHP Fatal error:  Class 'Composer\\Installer\\LibraryInstaller' not found in /var/www/html/vendor/mouf/mouf-installer/src/Mouf/Installer/MoufFrameworkInstaller.php on line 18
[Mon Nov 28 12:57:57.233924 2016] [:error] [pid 25] [client ::1:36398] PHP Fatal error:  Class 'Composer\\Installer\\LibraryInstaller' not found in /var/www/html/vendor/mouf/mouf-installer/src/Mouf/Installer/MoufLibraryInstaller.php on line 20
[Mon Nov 28 12:57:57.515589 2016] [:error] [pid 45] [client ::1:36400] PHP Fatal error:  Interface 'Composer\\IO\\IOInterface' not found in /var/www/html/vendor/mouf/mouf/src/Mouf/Composer/MoufComposerIO.php on line 12
[Mon Nov 28 12:57:57.573544 2016] [:error] [pid 24] [client ::1:36402] PHP Fatal error:  Interface 'Composer\\IO\\IOInterface' not found in /var/www/html/vendor/mouf/mouf/src/Mouf/Composer/MoufJsComposerIO.php on line 12
[Mon Nov 28 12:57:59.117159 2016] [:error] [pid 11] [client ::1:36404] PHP Fatal error:  Class 'Composer\\Installer\\LibraryInstaller' not found in /var/www/html/vendor/mouf/html.utils.weblibrarymanager.component-installer/src/ComponentInstaller.php on line 16
[Mon Nov 28 12:57:59.156760 2016] [:error] [pid 13] [client ::1:36406] PHP Fatal error:  Interface 'Composer\\Plugin\\PluginInterface' not found in /var/www/html/vendor/mouf/html.utils.weblibrarymanager.component-installer/src/ComponentInstallerPlugin.php on line 13
[Mon Nov 28 12:57:59.211377 2016] [:error] [pid 12] [client ::1:36408] PHP Fatal error:  Class 'Symfony\\Component\\Console\\Command\\Command' not found in /var/www/html/vendor/mouf/oo-amqp-client/src/Commands/ConsumeCommand.php on line 11
[Mon Nov 28 12:57:59.266856 2016] [:error] [pid 9] [client ::1:36410] PHP Fatal error:  Class 'Symfony\\Component\\Console\\Command\\Command' not found in /var/www/html/vendor/mouf/oo-amqp-client/src/Commands/PublishCommand.php on line 13
AH00558: apache2: Could not reliably determine the server's fully qualified domain name, using 172.24.0.3. Set the 'ServerName' directive globally to suppress this message
[Mon Nov 28 16:34:29.640412 2016] [mpm_prefork:notice] [pid 7] AH00163: Apache/2.4.10 (Debian) configured -- resuming normal operations
[Mon Nov 28 16:34:29.640955 2016] [core:notice] [pid 7] AH00094: Command line: 'apache2 -D FOREGROUND'
AH00558: apache2: Could not reliably determine the server's fully qualified domain name, using 172.24.0.3. Set the 'ServerName' directive globally to suppress this message
[Mon Nov 28 16:35:47.328302 2016] [mpm_prefork:notice] [pid 7] AH00163: Apache/2.4.10 (Debian) configured -- resuming normal operations
[Mon Nov 28 16:35:47.328892 2016] [core:notice] [pid 7] AH00094: Command line: 'apache2 -D FOREGROUND'
AH00558: apache2: Could not reliably determine the server's fully qualified domain name, using 172.24.0.4. Set the 'ServerName' directive globally to suppress this message
[Mon Nov 28 16:39:45.396029 2016] [mpm_prefork:notice] [pid 7] AH00163: Apache/2.4.10 (Debian) configured -- resuming normal operations
[Mon Nov 28 16:39:45.396717 2016] [core:notice] [pid 7] AH00094: Command line: 'apache2 -D FOREGROUND'
[Mon Nov 28 16:40:48.458898 2016] [:error] [pid 22] [client ::1:36926] PHP Fatal error:  Class 'Composer\\Installer\\LibraryInstaller' not found in /var/www/html/vendor/mouf/mouf-installer/src/Mouf/Installer/MoufFrameworkInstaller.php on line 18
[Mon Nov 28 16:40:48.520317 2016] [:error] [pid 24] [client ::1:36928] PHP Fatal error:  Class 'Composer\\Installer\\LibraryInstaller' not found in /var/www/html/vendor/mouf/mouf-installer/src/Mouf/Installer/MoufLibraryInstaller.php on line 20
[Mon Nov 28 16:40:48.835560 2016] [:error] [pid 25] [client ::1:36930] PHP Fatal error:  Interface 'Composer\\IO\\IOInterface' not found in /var/www/html/vendor/mouf/mouf/src/Mouf/Composer/MoufComposerIO.php on line 12
[Mon Nov 28 16:40:48.886214 2016] [:error] [pid 11] [client ::1:36932] PHP Fatal error:  Interface 'Composer\\IO\\IOInterface' not found in /var/www/html/vendor/mouf/mouf/src/Mouf/Composer/MoufJsComposerIO.php on line 12
[Mon Nov 28 16:40:51.365513 2016] [:error] [pid 13] [client ::1:36934] PHP Fatal error:  Class 'Composer\\Installer\\LibraryInstaller' not found in /var/www/html/vendor/mouf/html.utils.weblibrarymanager.component-installer/src/ComponentInstaller.php on line 16
[Mon Nov 28 16:40:51.436964 2016] [:error] [pid 12] [client ::1:36936] PHP Fatal error:  Interface 'Composer\\Plugin\\PluginInterface' not found in /var/www/html/vendor/mouf/html.utils.weblibrarymanager.component-installer/src/ComponentInstallerPlugin.php on line 13
[Mon Nov 28 16:40:51.497577 2016] [:error] [pid 9] [client ::1:36938] PHP Fatal error:  Class 'Symfony\\Component\\Console\\Command\\Command' not found in /var/www/html/vendor/mouf/oo-amqp-client/src/Commands/ConsumeCommand.php on line 11
[Mon Nov 28 16:40:51.541048 2016] [:error] [pid 10] [client ::1:36940] PHP Fatal error:  Class 'Symfony\\Component\\Console\\Command\\Command' not found in /var/www/html/vendor/mouf/oo-amqp-client/src/Commands/PublishCommand.php on line 13
AH00558: apache2: Could not reliably determine the server's fully qualified domain name, using 172.24.0.4. Set the 'ServerName' directive globally to suppress this message
[Mon Nov 28 16:47:06.784113 2016] [mpm_prefork:notice] [pid 7] AH00163: Apache/2.4.10 (Debian) configured -- resuming normal operations
[Mon Nov 28 16:47:06.784723 2016] [core:notice] [pid 7] AH00094: Command line: 'apache2 -D FOREGROUND'
AH00558: apache2: Could not reliably determine the server's fully qualified domain name, using 172.24.0.3. Set the 'ServerName' directive globally to suppress this message
[Tue Nov 29 11:43:05.002325 2016] [mpm_prefork:notice] [pid 7] AH00163: Apache/2.4.10 (Debian) configured -- resuming normal operations
[Tue Nov 29 11:43:05.002873 2016] [core:notice] [pid 7] AH00094: Command line: 'apache2 -D FOREGROUND'
[Tue Nov 29 11:43:11.974355 2016] [:error] [pid 13] [client 172.24.0.2:36898] PHP Warning:  require_once(/var/www/html/vendor/mouf/mvc.splash/src/../../../../mouf/Mouf.php): failed to open stream: No such file or directory in /var/www/html/vendor/mouf/mvc.splash/src/splash.php on line 16
[Tue Nov 29 11:43:11.974772 2016] [:error] [pid 13] [client 172.24.0.2:36898] PHP Fatal error:  require_once(): Failed opening required '/var/www/html/vendor/mouf/mvc.splash/src/../../../../mouf/Mouf.php' (include_path='.:/usr/local/lib/php') in /var/www/html/vendor/mouf/mvc.splash/src/splash.php on line 16
[Tue Nov 29 11:43:12.118973 2016] [:error] [pid 12] [client 172.24.0.2:36900] PHP Warning:  require_once(/var/www/html/vendor/mouf/mvc.splash/src/../../../../mouf/Mouf.php): failed to open stream: No such file or directory in /var/www/html/vendor/mouf/mvc.splash/src/splash.php on line 16, referer: http://middle.test.dev:1080/
[Tue Nov 29 11:43:12.119426 2016] [:error] [pid 12] [client 172.24.0.2:36900] PHP Fatal error:  require_once(): Failed opening required '/var/www/html/vendor/mouf/mvc.splash/src/../../../../mouf/Mouf.php' (include_path='.:/usr/local/lib/php') in /var/www/html/vendor/mouf/mvc.splash/src/splash.php on line 16, referer: http://middle.test.dev:1080/
[Tue Nov 29 11:43:16.098859 2016] [:error] [pid 9] [client 172.24.0.2:36966] PHP Warning:  require_once(/var/www/html/vendor/mouf/mvc.splash/src/../../../../mouf/Mouf.php): failed to open stream: No such file or directory in /var/www/html/vendor/mouf/mvc.splash/src/splash.php on line 16, referer: http://middle.test.dev:1080/vendor/mouf/mouf/
[Tue Nov 29 11:43:16.099250 2016] [:error] [pid 9] [client 172.24.0.2:36966] PHP Fatal error:  require_once(): Failed opening required '/var/www/html/vendor/mouf/mvc.splash/src/../../../../mouf/Mouf.php' (include_path='.:/usr/local/lib/php') in /var/www/html/vendor/mouf/mvc.splash/src/splash.php on line 16, referer: http://middle.test.dev:1080/vendor/mouf/mouf/
[Tue Nov 29 11:43:23.323738 2016] [:error] [pid 13] [client 172.24.0.2:36980] PHP Fatal error:  Uncaught Mouf\\MoufInstanceNotFoundException: The object instance 'Mouf\\Mvc\\Splash\\SplashMiddleware' is not defined. in /var/www/html/vendor/mouf/mouf/src/Mouf/MoufManager.php:567\nStack trace:\n#0 /var/www/html/vendor/mouf/mouf/src/Mouf/MoufManager.php(257): Mouf\\MoufManager->instantiateComponent('Mouf\\\\Mvc\\\\Splash...')\n#1 /var/www/html/vendor/mouf/mouf/src/Mouf/MoufManager.php(270): Mouf\\MoufManager->get('Mouf\\\\Mvc\\\\Splash...')\n#2 /var/www/html/vendor/mouf/mvc.splash/src/splash.php(18): Mouf\\MoufManager->getInstance('Mouf\\\\Mvc\\\\Splash...')\n#3 {main}\n  thrown in /var/www/html/vendor/mouf/mouf/src/Mouf/MoufManager.php on line 567, referer: http://middle.test.dev:1080/vendor/mouf/mouf/login/?redirect=%2Fvendor%2Fmouf%2Fmouf%2F
AH00558: apache2: Could not reliably determine the server's fully qualified domain name, using 172.24.0.2. Set the 'ServerName' directive globally to suppress this message
[Tue Nov 29 11:54:01.520942 2016] [mpm_prefork:notice] [pid 7] AH00163: Apache/2.4.10 (Debian) configured -- resuming normal operations
[Tue Nov 29 11:54:01.521527 2016] [core:notice] [pid 7] AH00094: Command line: 'apache2 -D FOREGROUND'
[Tue Nov 29 11:54:09.157579 2016] [:error] [pid 13] [client 172.24.0.3:39044] PHP Fatal error:  Uncaught Mouf\\MoufInstanceNotFoundException: The object instance 'Mouf\\Mvc\\Splash\\SplashMiddleware' is not defined. in /var/www/html/vendor/mouf/mouf/src/Mouf/MoufManager.php:567\nStack trace:\n#0 /var/www/html/vendor/mouf/mouf/src/Mouf/MoufManager.php(257): Mouf\\MoufManager->instantiateComponent('Mouf\\\\Mvc\\\\Splash...')\n#1 /var/www/html/vendor/mouf/mouf/src/Mouf/MoufManager.php(270): Mouf\\MoufManager->get('Mouf\\\\Mvc\\\\Splash...')\n#2 /var/www/html/vendor/mouf/mvc.splash/src/splash.php(18): Mouf\\MoufManager->getInstance('Mouf\\\\Mvc\\\\Splash...')\n#3 {main}\n  thrown in /var/www/html/vendor/mouf/mouf/src/Mouf/MoufManager.php on line 567, referer: http://project.test.dev:1080/vendor/mouf/mouf/login/?redirect=%2Fvendor%2Fmouf%2Fmouf%2F
[Tue Nov 29 11:54:17.590255 2016] [:error] [pid 10] [client 172.24.0.3:39076] PHP Fatal error:  Uncaught Mouf\\MoufInstanceNotFoundException: The object instance 'Mouf\\Mvc\\Splash\\SplashMiddleware' is not defined. in /var/www/html/vendor/mouf/mouf/src/Mouf/MoufManager.php:567\nStack trace:\n#0 /var/www/html/vendor/mouf/mouf/src/Mouf/MoufManager.php(257): Mouf\\MoufManager->instantiateComponent('Mouf\\\\Mvc\\\\Splash...')\n#1 /var/www/html/vendor/mouf/mouf/src/Mouf/MoufManager.php(270): Mouf\\MoufManager->get('Mouf\\\\Mvc\\\\Splash...')\n#2 /var/www/html/vendor/mouf/mvc.splash/src/splash.php(18): Mouf\\MoufManager->getInstance('Mouf\\\\Mvc\\\\Splash...')\n#3 {main}\n  thrown in /var/www/html/vendor/mouf/mouf/src/Mouf/MoufManager.php on line 567, referer: http://project.test.dev:1080/vendor/mouf/mouf/validate/
[Tue Nov 29 11:54:24.084055 2016] [:error] [pid 9] [client 172.24.0.3:39082] PHP Fatal error:  Uncaught Mouf\\MoufInstanceNotFoundException: The object instance 'Mouf\\Mvc\\Splash\\SplashMiddleware' is not defined. in /var/www/html/vendor/mouf/mouf/src/Mouf/MoufManager.php:567\nStack trace:\n#0 /var/www/html/vendor/mouf/mouf/src/Mouf/MoufManager.php(257): Mouf\\MoufManager->instantiateComponent('Mouf\\\\Mvc\\\\Splash...')\n#1 /var/www/html/vendor/mouf/mouf/src/Mouf/MoufManager.php(270): Mouf\\MoufManager->get('Mouf\\\\Mvc\\\\Splash...')\n#2 /var/www/html/vendor/mouf/mvc.splash/src/splash.php(18): Mouf\\MoufManager->getInstance('Mouf\\\\Mvc\\\\Splash...')\n#3 {main}\n  thrown in /var/www/html/vendor/mouf/mouf/src/Mouf/MoufManager.php on line 567, referer: http://project.test.dev:1080/vendor/mouf/mouf/configureLocalUrl/
[Tue Nov 29 11:54:32.214436 2016] [:error] [pid 12] [client 172.24.0.3:39088] PHP Fatal error:  Uncaught Mouf\\MoufInstanceNotFoundException: The object instance 'Mouf\\Mvc\\Splash\\SplashMiddleware' is not defined. in /var/www/html/vendor/mouf/mouf/src/Mouf/MoufManager.php:567\nStack trace:\n#0 /var/www/html/vendor/mouf/mouf/src/Mouf/MoufManager.php(257): Mouf\\MoufManager->instantiateComponent('Mouf\\\\Mvc\\\\Splash...')\n#1 /var/www/html/vendor/mouf/mouf/src/Mouf/MoufManager.php(270): Mouf\\MoufManager->get('Mouf\\\\Mvc\\\\Splash...')\n#2 /var/www/html/vendor/mouf/mvc.splash/src/splash.php(18): Mouf\\MoufManager->getInstance('Mouf\\\\Mvc\\\\Splash...')\n#3 {main}\n  thrown in /var/www/html/vendor/mouf/mouf/src/Mouf/MoufManager.php on line 567, referer: http://project.test.dev:1080/vendor/mouf/mouf/configureLocalUrl/setLocalUrl
[Tue Nov 29 12:03:38.457630 2016] [:error] [pid 12] [client 172.24.0.3:39124] PHP Fatal error:  Uncaught Mouf\\MoufInstanceNotFoundException: The object instance 'Mouf\\Mvc\\Splash\\SplashMiddleware' is not defined. in /var/www/html/vendor/mouf/mouf/src/Mouf/MoufManager.php:567\nStack trace:\n#0 /var/www/html/vendor/mouf/mouf/src/Mouf/MoufManager.php(257): Mouf\\MoufManager->instantiateComponent('Mouf\\\\Mvc\\\\Splash...')\n#1 /var/www/html/vendor/mouf/mouf/src/Mouf/MoufManager.php(270): Mouf\\MoufManager->get('Mouf\\\\Mvc\\\\Splash...')\n#2 /var/www/html/vendor/mouf/mvc.splash/src/splash.php(18): Mouf\\MoufManager->getInstance('Mouf\\\\Mvc\\\\Splash...')\n#3 {main}\n  thrown in /var/www/html/vendor/mouf/mouf/src/Mouf/MoufManager.php on line 567, referer: http://project.test.dev:1080/vendor/mouf/mouf/validate/
[Tue Nov 29 12:03:48.773507 2016] [:error] [pid 11] [client 172.24.0.3:39130] PHP Fatal error:  Uncaught Mouf\\MoufInstanceNotFoundException: The object instance 'Mouf\\Mvc\\Splash\\SplashMiddleware' is not defined. in /var/www/html/vendor/mouf/mouf/src/Mouf/MoufManager.php:567\nStack trace:\n#0 /var/www/html/vendor/mouf/mouf/src/Mouf/MoufManager.php(257): Mouf\\MoufManager->instantiateComponent('Mouf\\\\Mvc\\\\Splash...')\n#1 /var/www/html/vendor/mouf/mouf/src/Mouf/MoufManager.php(270): Mouf\\MoufManager->get('Mouf\\\\Mvc\\\\Splash...')\n#2 /var/www/html/vendor/mouf/mvc.splash/src/splash.php(18): Mouf\\MoufManager->getInstance('Mouf\\\\Mvc\\\\Splash...')\n#3 {main}\n  thrown in /var/www/html/vendor/mouf/mouf/src/Mouf/MoufManager.php on line 567, referer: http://project.test.dev:1080/vendor/mouf/mouf/config/register?name=DEBUG&value=1&defaultvalue=1&selfedit=
[Tue Nov 29 12:03:52.487344 2016] [:error] [pid 45] [client 172.24.0.3:39148] PHP Fatal error:  Uncaught Mouf\\MoufInstanceNotFoundException: The object instance 'Mouf\\Mvc\\Splash\\SplashMiddleware' is not defined. in /var/www/html/vendor/mouf/mouf/src/Mouf/MoufManager.php:567\nStack trace:\n#0 /var/www/html/vendor/mouf/mouf/src/Mouf/MoufManager.php(257): Mouf\\MoufManager->instantiateComponent('Mouf\\\\Mvc\\\\Splash...')\n#1 /var/www/html/vendor/mouf/mouf/src/Mouf/MoufManager.php(270): Mouf\\MoufManager->get('Mouf\\\\Mvc\\\\Splash...')\n#2 /var/www/html/vendor/mouf/mvc.splash/src/splash.php(18): Mouf\\MoufManager->getInstance('Mouf\\\\Mvc\\\\Splash...')\n#3 {main}\n  thrown in /var/www/html/vendor/mouf/mouf/src/Mouf/MoufManager.php on line 567, referer: http://project.test.dev:1080/vendor/mouf/mouf/config/?selfedit=
[Tue Nov 29 12:03:55.845114 2016] [:error] [pid 45] [client 172.24.0.3:39160] PHP Fatal error:  Uncaught Mouf\\MoufInstanceNotFoundException: The object instance 'Mouf\\Mvc\\Splash\\SplashMiddleware' is not defined. in /var/www/html/vendor/mouf/mouf/src/Mouf/MoufManager.php:567\nStack trace:\n#0 /var/www/html/vendor/mouf/mouf/src/Mouf/MoufManager.php(257): Mouf\\MoufManager->instantiateComponent('Mouf\\\\Mvc\\\\Splash...')\n#1 /var/www/html/vendor/mouf/mouf/src/Mouf/MoufManager.php(270): Mouf\\MoufManager->get('Mouf\\\\Mvc\\\\Splash...')\n#2 /var/www/html/vendor/mouf/mvc.splash/src/splash.php(18): Mouf\\MoufManager->getInstance('Mouf\\\\Mvc\\\\Splash...')\n#3 {main}\n  thrown in /var/www/html/vendor/mouf/mouf/src/Mouf/MoufManager.php on line 567, referer: http://project.test.dev:1080/vendor/mouf/mouf/config/?selfedit=
[Tue Nov 29 12:03:56.895982 2016] [:error] [pid 9] [client ::1:42164] PHP Fatal error:  Class 'Composer\\Installer\\LibraryInstaller' not found in /var/www/html/vendor/mouf/mouf-installer/src/Mouf/Installer/MoufFrameworkInstaller.php on line 18
[Tue Nov 29 12:03:56.970092 2016] [:error] [pid 10] [client ::1:42176] PHP Fatal error:  Class 'Composer\\Installer\\LibraryInstaller' not found in /var/www/html/vendor/mouf/mouf-installer/src/Mouf/Installer/MoufLibraryInstaller.php on line 20
[Tue Nov 29 12:03:57.440039 2016] [:error] [pid 11] [client ::1:42178] PHP Fatal error:  Interface 'Composer\\IO\\IOInterface' not found in /var/www/html/vendor/mouf/mouf/src/Mouf/Composer/MoufComposerIO.php on line 12
[Tue Nov 29 12:03:57.502882 2016] [:error] [pid 13] [client ::1:42180] PHP Fatal error:  Interface 'Composer\\IO\\IOInterface' not found in /var/www/html/vendor/mouf/mouf/src/Mouf/Composer/MoufJsComposerIO.php on line 12
[Tue Nov 29 12:03:59.438227 2016] [:error] [pid 11] [client 172.24.0.3:39178] PHP Fatal error:  Uncaught Mouf\\MoufInstanceNotFoundException: The object instance 'Mouf\\Mvc\\Splash\\SplashMiddleware' is not defined. in /var/www/html/vendor/mouf/mouf/src/Mouf/MoufManager.php:567\nStack trace:\n#0 /var/www/html/vendor/mouf/mouf/src/Mouf/MoufManager.php(257): Mouf\\MoufManager->instantiateComponent('Mouf\\\\Mvc\\\\Splash...')\n#1 /var/www/html/vendor/mouf/mouf/src/Mouf/MoufManager.php(270): Mouf\\MoufManager->get('Mouf\\\\Mvc\\\\Splash...')\n#2 /var/www/html/vendor/mouf/mvc.splash/src/splash.php(18): Mouf\\MoufManager->getInstance('Mouf\\\\Mvc\\\\Splash...')\n#3 {main}\n  thrown in /var/www/html/vendor/mouf/mouf/src/Mouf/MoufManager.php on line 567, referer: http://project.test.dev:1080/vendor/mouf/mouf/config/?selfedit=
[Tue Nov 29 12:04:01.791009 2016] [:error] [pid 44] [client ::1:42184] PHP Fatal error:  Class 'Composer\\Installer\\LibraryInstaller' not found in /var/www/html/vendor/mouf/html.utils.weblibrarymanager.component-installer/src/ComponentInstaller.php on line 16
[Tue Nov 29 12:04:01.844515 2016] [:error] [pid 12] [client 172.24.0.3:39196] PHP Fatal error:  Uncaught Mouf\\MoufInstanceNotFoundException: The object instance 'Mouf\\Mvc\\Splash\\SplashMiddleware' is not defined. in /var/www/html/vendor/mouf/mouf/src/Mouf/MoufManager.php:567\nStack trace:\n#0 /var/www/html/vendor/mouf/mouf/src/Mouf/MoufManager.php(257): Mouf\\MoufManager->instantiateComponent('Mouf\\\\Mvc\\\\Splash...')\n#1 /var/www/html/vendor/mouf/mouf/src/Mouf/MoufManager.php(270): Mouf\\MoufManager->get('Mouf\\\\Mvc\\\\Splash...')\n#2 /var/www/html/vendor/mouf/mvc.splash/src/splash.php(18): Mouf\\MoufManager->getInstance('Mouf\\\\Mvc\\\\Splash...')\n#3 {main}\n  thrown in /var/www/html/vendor/mouf/mouf/src/Mouf/MoufManager.php on line 567, referer: http://project.test.dev:1080/vendor/mouf/mouf/validate/
[Tue Nov 29 12:04:01.923854 2016] [:error] [pid 57] [client ::1:42214] PHP Fatal error:  Interface 'Composer\\Plugin\\PluginInterface' not found in /var/www/html/vendor/mouf/html.utils.weblibrarymanager.component-installer/src/ComponentInstallerPlugin.php on line 13
[Tue Nov 29 12:04:02.043859 2016] [:error] [pid 44] [client ::1:42216] PHP Fatal error:  Class 'Symfony\\Component\\Console\\Command\\Command' not found in /var/www/html/vendor/mouf/oo-amqp-client/src/Commands/ConsumeCommand.php on line 11
[Tue Nov 29 12:04:02.105176 2016] [:error] [pid 45] [client ::1:42218] PHP Fatal error:  Class 'Symfony\\Component\\Console\\Command\\Command' not found in /var/www/html/vendor/mouf/oo-amqp-client/src/Commands/PublishCommand.php on line 13
[Tue Nov 29 12:04:05.124326 2016] [:error] [pid 44] [client 172.24.0.3:39212] PHP Fatal error:  Uncaught Mouf\\MoufInstanceNotFoundException: The object instance 'Mouf\\Mvc\\Splash\\SplashMiddleware' is not defined. in /var/www/html/vendor/mouf/mouf/src/Mouf/MoufManager.php:567\nStack trace:\n#0 /var/www/html/vendor/mouf/mouf/src/Mouf/MoufManager.php(257): Mouf\\MoufManager->instantiateComponent('Mouf\\\\Mvc\\\\Splash...')\n#1 /var/www/html/vendor/mouf/mouf/src/Mouf/MoufManager.php(270): Mouf\\MoufManager->get('Mouf\\\\Mvc\\\\Splash...')\n#2 /var/www/html/vendor/mouf/mvc.splash/src/splash.php(18): Mouf\\MoufManager->getInstance('Mouf\\\\Mvc\\\\Splash...')\n#3 {main}\n  thrown in /var/www/html/vendor/mouf/mouf/src/Mouf/MoufManager.php on line 567, referer: http://project.test.dev:1080/vendor/mouf/mouf/installer/?selfedit=false
[Tue Nov 29 12:04:08.248561 2016] [:error] [pid 44] [client 172.24.0.3:39230] PHP Fatal error:  Uncaught Mouf\\MoufInstanceNotFoundException: The object instance 'Mouf\\Mvc\\Splash\\SplashMiddleware' is not defined. in /var/www/html/vendor/mouf/mouf/src/Mouf/MoufManager.php:567\nStack trace:\n#0 /var/www/html/vendor/mouf/mouf/src/Mouf/MoufManager.php(257): Mouf\\MoufManager->instantiateComponent('Mouf\\\\Mvc\\\\Splash...')\n#1 /var/www/html/vendor/mouf/mouf/src/Mouf/MoufManager.php(270): Mouf\\MoufManager->get('Mouf\\\\Mvc\\\\Splash...')\n#2 /var/www/html/vendor/mouf/mvc.splash/src/splash.php(18): Mouf\\MoufManager->getInstance('Mouf\\\\Mvc\\\\Splash...')\n#3 {main}\n  thrown in /var/www/html/vendor/mouf/mouf/src/Mouf/MoufManager.php on line 567, referer: http://project.test.dev:1080/vendor/mouf/mouf/validate/
[Tue Nov 29 12:04:10.759347 2016] [:error] [pid 70] [client 172.24.0.3:39234] PHP Fatal error:  Uncaught Mouf\\MoufInstanceNotFoundException: The object instance 'Mouf\\Mvc\\Splash\\SplashMiddleware' is not defined. in /var/www/html/vendor/mouf/mouf/src/Mouf/MoufManager.php:567\nStack trace:\n#0 /var/www/html/vendor/mouf/mouf/src/Mouf/MoufManager.php(257): Mouf\\MoufManager->instantiateComponent('Mouf\\\\Mvc\\\\Splash...')\n#1 /var/www/html/vendor/mouf/mouf/src/Mouf/MoufManager.php(270): Mouf\\MoufManager->get('Mouf\\\\Mvc\\\\Splash...')\n#2 /var/www/html/vendor/mouf/mvc.splash/src/splash.php(18): Mouf\\MoufManager->getInstance('Mouf\\\\Mvc\\\\Splash...')\n#3 {main}\n  thrown in /var/www/html/vendor/mouf/mouf/src/Mouf/MoufManager.php on line 567, referer: http://project.test.dev:1080/vendor/mouf/mouf/config/register?name=SECRET&value=FeO8kJiQYnNRm9Zho2aQ&defaultvalue=FeO8kJiQYnNRm9Zho2aQ&selfedit=
[Tue Nov 29 12:04:14.770034 2016] [:error] [pid 86] [client 172.24.0.3:39244] PHP Fatal error:  Uncaught Mouf\\MoufInstanceNotFoundException: The object instance 'Mouf\\Mvc\\Splash\\SplashMiddleware' is not defined. in /var/www/html/vendor/mouf/mouf/src/Mouf/MoufManager.php:567\nStack trace:\n#0 /var/www/html/vendor/mouf/mouf/src/Mouf/MoufManager.php(257): Mouf\\MoufManager->instantiateComponent('Mouf\\\\Mvc\\\\Splash...')\n#1 /var/www/html/vendor/mouf/mouf/src/Mouf/MoufManager.php(270): Mouf\\MoufManager->get('Mouf\\\\Mvc\\\\Splash...')\n#2 /var/www/html/vendor/mouf/mvc.splash/src/splash.php(18): Mouf\\MoufManager->getInstance('Mouf\\\\Mvc\\\\Splash...')\n#3 {main}\n  thrown in /var/www/html/vendor/mouf/mouf/src/Mouf/MoufManager.php on line 567, referer: http://project.test.dev:1080/vendor/mouf/mouf/config/?selfedit=
[Tue Nov 29 12:04:25.312109 2016] [:error] [pid 86] [client 172.24.0.3:39262] PHP Fatal error:  Uncaught Mouf\\MoufInstanceNotFoundException: The object instance 'Mouf\\Mvc\\Splash\\SplashMiddleware' is not defined. in /var/www/html/vendor/mouf/mouf/src/Mouf/MoufManager.php:567\nStack trace:\n#0 /var/www/html/vendor/mouf/mouf/src/Mouf/MoufManager.php(257): Mouf\\MoufManager->instantiateComponent('Mouf\\\\Mvc\\\\Splash...')\n#1 /var/www/html/vendor/mouf/mouf/src/Mouf/MoufManager.php(270): Mouf\\MoufManager->get('Mouf\\\\Mvc\\\\Splash...')\n#2 /var/www/html/vendor/mouf/mvc.splash/src/splash.php(18): Mouf\\MoufManager->getInstance('Mouf\\\\Mvc\\\\Splash...')\n#3 {main}\n  thrown in /var/www/html/vendor/mouf/mouf/src/Mouf/MoufManager.php on line 567, referer: http://project.test.dev:1080/vendor/mouf/mouf/validate/
[Tue Nov 29 12:04:34.729289 2016] [:error] [pid 86] [client ::1:42292] PHP Fatal error:  Class 'Composer\\Installer\\LibraryInstaller' not found in /var/www/html/vendor/mouf/mouf-installer/src/Mouf/Installer/MoufFrameworkInstaller.php on line 18
[Tue Nov 29 12:04:34.888665 2016] [:error] [pid 45] [client ::1:42306] PHP Fatal error:  Class 'Composer\\Installer\\LibraryInstaller' not found in /var/www/html/vendor/mouf/mouf-installer/src/Mouf/Installer/MoufLibraryInstaller.php on line 20
[Tue Nov 29 12:04:35.873413 2016] [:error] [pid 84] [client ::1:42294] PHP Fatal error:  Class 'Composer\\Installer\\LibraryInstaller' not found in /var/www/html/vendor/mouf/mouf-installer/src/Mouf/Installer/MoufFrameworkInstaller.php on line 18
[Tue Nov 29 12:04:36.369580 2016] [:error] [pid 44] [client ::1:42308] PHP Fatal error:  Class 'Composer\\Installer\\LibraryInstaller' not found in /var/www/html/vendor/mouf/mouf-installer/src/Mouf/Installer/MoufLibraryInstaller.php on line 20
[Tue Nov 29 12:04:36.691324 2016] [:error] [pid 13] [client 172.24.0.3:39300] PHP Fatal error:  Uncaught Mouf\\MoufInstanceNotFoundException: The object instance 'Mouf\\Mvc\\Splash\\SplashMiddleware' is not defined. in /var/www/html/vendor/mouf/mouf/src/Mouf/MoufManager.php:567\nStack trace:\n#0 /var/www/html/vendor/mouf/mouf/src/Mouf/MoufManager.php(257): Mouf\\MoufManager->instantiateComponent('Mouf\\\\Mvc\\\\Splash...')\n#1 /var/www/html/vendor/mouf/mouf/src/Mouf/MoufManager.php(270): Mouf\\MoufManager->get('Mouf\\\\Mvc\\\\Splash...')\n#2 /var/www/html/vendor/mouf/mvc.splash/src/splash.php(18): Mouf\\MoufManager->getInstance('Mouf\\\\Mvc\\\\Splash...')\n#3 {main}\n  thrown in /var/www/html/vendor/mouf/mouf/src/Mouf/MoufManager.php on line 567, referer: http://project.test.dev:1080/vendor/mouf/mouf/installer/?selfedit=false
[Tue Nov 29 12:04:36.736359 2016] [:error] [pid 101] [client ::1:42310] PHP Fatal error:  Interface 'Composer\\IO\\IOInterface' not found in /var/www/html/vendor/mouf/mouf/src/Mouf/Composer/MoufComposerIO.php on line 12
[Tue Nov 29 12:04:36.819903 2016] [:error] [pid 10] [client ::1:42316] PHP Fatal error:  Interface 'Composer\\IO\\IOInterface' not found in /var/www/html/vendor/mouf/mouf/src/Mouf/Composer/MoufJsComposerIO.php on line 12
[Tue Nov 29 12:04:36.995983 2016] [:error] [pid 85] [client ::1:42312] PHP Fatal error:  Interface 'Composer\\IO\\IOInterface' not found in /var/www/html/vendor/mouf/mouf/src/Mouf/Composer/MoufComposerIO.php on line 12
[Tue Nov 29 12:04:37.069833 2016] [:error] [pid 9] [client ::1:42320] PHP Fatal error:  Interface 'Composer\\IO\\IOInterface' not found in /var/www/html/vendor/mouf/mouf/src/Mouf/Composer/MoufJsComposerIO.php on line 12
[Tue Nov 29 12:04:38.995833 2016] [:error] [pid 57] [client ::1:42318] PHP Fatal error:  Class 'Composer\\Installer\\LibraryInstaller' not found in /var/www/html/vendor/mouf/html.utils.weblibrarymanager.component-installer/src/ComponentInstaller.php on line 16
[Tue Nov 29 12:04:39.058990 2016] [:error] [pid 86] [client ::1:42324] PHP Fatal error:  Interface 'Composer\\Plugin\\PluginInterface' not found in /var/www/html/vendor/mouf/html.utils.weblibrarymanager.component-installer/src/ComponentInstallerPlugin.php on line 13
[Tue Nov 29 12:04:39.158146 2016] [:error] [pid 84] [client ::1:42326] PHP Fatal error:  Class 'Symfony\\Component\\Console\\Command\\Command' not found in /var/www/html/vendor/mouf/oo-amqp-client/src/Commands/ConsumeCommand.php on line 11
[Tue Nov 29 12:04:39.215308 2016] [:error] [pid 45] [client ::1:42330] PHP Fatal error:  Class 'Symfony\\Component\\Console\\Command\\Command' not found in /var/www/html/vendor/mouf/oo-amqp-client/src/Commands/PublishCommand.php on line 13
[Tue Nov 29 12:04:39.380510 2016] [:error] [pid 70] [client ::1:42322] PHP Fatal error:  Class 'Composer\\Installer\\LibraryInstaller' not found in /var/www/html/vendor/mouf/html.utils.weblibrarymanager.component-installer/src/ComponentInstaller.php on line 16
[Tue Nov 29 12:04:39.446238 2016] [:error] [pid 13] [client ::1:42334] PHP Fatal error:  Interface 'Composer\\Plugin\\PluginInterface' not found in /var/www/html/vendor/mouf/html.utils.weblibrarymanager.component-installer/src/ComponentInstallerPlugin.php on line 13
[Tue Nov 29 12:04:39.512827 2016] [:error] [pid 101] [client ::1:42336] PHP Fatal error:  Class 'Symfony\\Component\\Console\\Command\\Command' not found in /var/www/html/vendor/mouf/oo-amqp-client/src/Commands/ConsumeCommand.php on line 11
[Tue Nov 29 12:04:40.349602 2016] [:error] [pid 85] [client ::1:42340] PHP Fatal error:  Class 'Symfony\\Component\\Console\\Command\\Command' not found in /var/www/html/vendor/mouf/oo-amqp-client/src/Commands/PublishCommand.php on line 13
[Tue Nov 29 12:04:41.908765 2016] [:error] [pid 86] [client 172.24.0.3:39332] PHP Fatal error:  Uncaught Mouf\\MoufInstanceNotFoundException: The object instance 'Mouf\\Mvc\\Splash\\SplashMiddleware' is not defined. in /var/www/html/vendor/mouf/mouf/src/Mouf/MoufManager.php:567\nStack trace:\n#0 /var/www/html/vendor/mouf/mouf/src/Mouf/MoufManager.php(257): Mouf\\MoufManager->instantiateComponent('Mouf\\\\Mvc\\\\Splash...')\n#1 /var/www/html/vendor/mouf/mouf/src/Mouf/MoufManager.php(270): Mouf\\MoufManager->get('Mouf\\\\Mvc\\\\Splash...')\n#2 /var/www/html/vendor/mouf/mvc.splash/src/splash.php(18): Mouf\\MoufManager->getInstance('Mouf\\\\Mvc\\\\Splash...')\n#3 {main}\n  thrown in /var/www/html/vendor/mouf/mouf/src/Mouf/MoufManager.php on line 567, referer: http://project.test.dev:1080/vendor/mouf/mouf/installer/printInstallationScreen?selfedit=false
[Tue Nov 29 12:04:45.596826 2016] [:error] [pid 85] [client 172.24.0.3:39346] PHP Fatal error:  Uncaught Mouf\\MoufInstanceNotFoundException: The object instance 'Mouf\\Mvc\\Splash\\SplashMiddleware' is not defined. in /var/www/html/vendor/mouf/mouf/src/Mouf/MoufManager.php:567\nStack trace:\n#0 /var/www/html/vendor/mouf/mouf/src/Mouf/MoufManager.php(257): Mouf\\MoufManager->instantiateComponent('Mouf\\\\Mvc\\\\Splash...')\n#1 /var/www/html/vendor/mouf/mouf/src/Mouf/MoufManager.php(270): Mouf\\MoufManager->get('Mouf\\\\Mvc\\\\Splash...')\n#2 /var/www/html/vendor/mouf/mvc.splash/src/splash.php(18): Mouf\\MoufManager->getInstance('Mouf\\\\Mvc\\\\Splash...')\n#3 {main}\n  thrown in /var/www/html/vendor/mouf/mouf/src/Mouf/MoufManager.php on line 567, referer: http://project.test.dev:1080/vendor/mouf/mouf/installer/installTaskDone?selfedit=false
sh: 1: ifconfig: not found
fatal: Not a git repository (or any parent up to mount point /var/www/html)
Stopping at filesystem boundary (GIT_DISCOVERY_ACROSS_FILESYSTEM not set).
[Tue Nov 29 12:04:49.724133 2016] [:error] [pid 44] [client 172.24.0.3:39352] PHP Fatal error:  Uncaught Mouf\\MoufInstanceNotFoundException: The object instance 'Mouf\\Mvc\\Splash\\SplashMiddleware' is not defined. in /var/www/html/vendor/mouf/mouf/src/Mouf/MoufManager.php:567\nStack trace:\n#0 /var/www/html/vendor/mouf/mouf/src/Mouf/MoufManager.php(257): Mouf\\MoufManager->instantiateComponent('Mouf\\\\Mvc\\\\Splash...')\n#1 /var/www/html/vendor/mouf/mouf/src/Mouf/MoufManager.php(270): Mouf\\MoufManager->get('Mouf\\\\Mvc\\\\Splash...')\n#2 /var/www/html/vendor/mouf/mvc.splash/src/splash.php(18): Mouf\\MoufManager->getInstance('Mouf\\\\Mvc\\\\Splash...')\n#3 {main}\n  thrown in /var/www/html/vendor/mouf/mouf/src/Mouf/MoufManager.php on line 567, referer: http://project.test.dev:1080/vendor/mouf/mouf/installer/installTaskDone?selfedit=false
[Tue Nov 29 12:04:58.949364 2016] [:error] [pid 86] [client 172.24.0.3:39370] PHP Fatal error:  Uncaught Mouf\\MoufInstanceNotFoundException: The object instance 'Mouf\\Mvc\\Splash\\SplashMiddleware' is not defined. in /var/www/html/vendor/mouf/mouf/src/Mouf/MoufManager.php:567\nStack trace:\n#0 /var/www/html/vendor/mouf/mouf/src/Mouf/MoufManager.php(257): Mouf\\MoufManager->instantiateComponent('Mouf\\\\Mvc\\\\Splash...')\n#1 /var/www/html/vendor/mouf/mouf/src/Mouf/MoufManager.php(270): Mouf\\MoufManager->get('Mouf\\\\Mvc\\\\Splash...')\n#2 /var/www/html/vendor/mouf/mvc.splash/src/splash.php(18): Mouf\\MoufManager->getInstance('Mouf\\\\Mvc\\\\Splash...')\n#3 {main}\n  thrown in /var/www/html/vendor/mouf/mouf/src/Mouf/MoufManager.php on line 567, referer: http://project.test.dev:1080/vendor/mouf/mouf/installer/installTaskDone?selfedit=false
[Tue Nov 29 12:05:01.030153 2016] [:error] [pid 11] [client 172.24.0.3:39380] PHP Fatal error:  Uncaught Mouf\\MoufInstanceNotFoundException: The object instance 'Mouf\\Mvc\\Splash\\SplashMiddleware' is not defined. in /var/www/html/vendor/mouf/mouf/src/Mouf/MoufManager.php:567\nStack trace:\n#0 /var/www/html/vendor/mouf/mouf/src/Mouf/MoufManager.php(257): Mouf\\MoufManager->instantiateComponent('Mouf\\\\Mvc\\\\Splash...')\n#1 /var/www/html/vendor/mouf/mouf/src/Mouf/MoufManager.php(270): Mouf\\MoufManager->get('Mouf\\\\Mvc\\\\Splash...')\n#2 /var/www/html/vendor/mouf/mvc.splash/src/splash.php(18): Mouf\\MoufManager->getInstance('Mouf\\\\Mvc\\\\Splash...')\n#3 {main}\n  thrown in /var/www/html/vendor/mouf/mouf/src/Mouf/MoufManager.php on line 567, referer: http://project.test.dev:1080/vendor/mouf/mouf/installer/installTaskDone?selfedit=false
[Tue Nov 29 12:05:02.978320 2016] [:error] [pid 86] [client 172.24.0.3:39390] PHP Fatal error:  Uncaught Mouf\\MoufInstanceNotFoundException: The object instance 'Mouf\\Mvc\\Splash\\SplashMiddleware' is not defined. in /var/www/html/vendor/mouf/mouf/src/Mouf/MoufManager.php:567\nStack trace:\n#0 /var/www/html/vendor/mouf/mouf/src/Mouf/MoufManager.php(257): Mouf\\MoufManager->instantiateComponent('Mouf\\\\Mvc\\\\Splash...')\n#1 /var/www/html/vendor/mouf/mouf/src/Mouf/MoufManager.php(270): Mouf\\MoufManager->get('Mouf\\\\Mvc\\\\Splash...')\n#2 /var/www/html/vendor/mouf/mvc.splash/src/splash.php(18): Mouf\\MoufManager->getInstance('Mouf\\\\Mvc\\\\Splash...')\n#3 {main}\n  thrown in /var/www/html/vendor/mouf/mouf/src/Mouf/MoufManager.php on line 567, referer: http://project.test.dev:1080/vendor/mouf/mouf/installer/installTaskDone?selfedit=false
[Tue Nov 29 12:05:05.174989 2016] [:error] [pid 12] [client 172.24.0.3:39398] PHP Fatal error:  Uncaught Mouf\\MoufInstanceNotFoundException: The object instance 'Mouf\\Mvc\\Splash\\SplashMiddleware' is not defined. in /var/www/html/vendor/mouf/mouf/src/Mouf/MoufManager.php:567\nStack trace:\n#0 /var/www/html/vendor/mouf/mouf/src/Mouf/MoufManager.php(257): Mouf\\MoufManager->instantiateComponent('Mouf\\\\Mvc\\\\Splash...')\n#1 /var/www/html/vendor/mouf/mouf/src/Mouf/MoufManager.php(270): Mouf\\MoufManager->get('Mouf\\\\Mvc\\\\Splash...')\n#2 /var/www/html/vendor/mouf/mvc.splash/src/splash.php(18): Mouf\\MoufManager->getInstance('Mouf\\\\Mvc\\\\Splash...')\n#3 {main}\n  thrown in /var/www/html/vendor/mouf/mouf/src/Mouf/MoufManager.php on line 567, referer: http://project.test.dev:1080/vendor/mouf/mouf/installer/installTaskDone?selfedit=false
[Tue Nov 29 12:05:08.098939 2016] [:error] [pid 86] [client 172.24.0.3:39408] PHP Fatal error:  Uncaught Mouf\\MoufInstanceNotFoundException: The object instance 'Mouf\\Mvc\\Splash\\SplashMiddleware' is not defined. in /var/www/html/vendor/mouf/mouf/src/Mouf/MoufManager.php:567\nStack trace:\n#0 /var/www/html/vendor/mouf/mouf/src/Mouf/MoufManager.php(257): Mouf\\MoufManager->instantiateComponent('Mouf\\\\Mvc\\\\Splash...')\n#1 /var/www/html/vendor/mouf/mouf/src/Mouf/MoufManager.php(270): Mouf\\MoufManager->get('Mouf\\\\Mvc\\\\Splash...')\n#2 /var/www/html/vendor/mouf/mvc.splash/src/splash.php(18): Mouf\\MoufManager->getInstance('Mouf\\\\Mvc\\\\Splash...')\n#3 {main}\n  thrown in /var/www/html/vendor/mouf/mouf/src/Mouf/MoufManager.php on line 567, referer: http://project.test.dev:1080/vendor/mouf/mouf/installer/installTaskDone?selfedit=false
[Tue Nov 29 12:05:10.184470 2016] [:error] [pid 70] [client 172.24.0.3:39414] PHP Fatal error:  Uncaught Mouf\\MoufInstanceNotFoundException: The object instance 'Mouf\\Mvc\\Splash\\SplashMiddleware' is not defined. in /var/www/html/vendor/mouf/mouf/src/Mouf/MoufManager.php:567\nStack trace:\n#0 /var/www/html/vendor/mouf/mouf/src/Mouf/MoufManager.php(257): Mouf\\MoufManager->instantiateComponent('Mouf\\\\Mvc\\\\Splash...')\n#1 /var/www/html/vendor/mouf/mouf/src/Mouf/MoufManager.php(270): Mouf\\MoufManager->get('Mouf\\\\Mvc\\\\Splash...')\n#2 /var/www/html/vendor/mouf/mvc.splash/src/splash.php(18): Mouf\\MoufManager->getInstance('Mouf\\\\Mvc\\\\Splash...')\n#3 {main}\n  thrown in /var/www/html/vendor/mouf/mouf/src/Mouf/MoufManager.php on line 567, referer: http://project.test.dev:1080/vendor/mouf/mouf/installer/installTaskDone?selfedit=false
[Tue Nov 29 12:05:12.458543 2016] [:error] [pid 57] [client 172.24.0.3:39422] PHP Fatal error:  Uncaught Mouf\\MoufInstanceNotFoundException: The object instance 'Mouf\\Mvc\\Splash\\SplashMiddleware' is not defined. in /var/www/html/vendor/mouf/mouf/src/Mouf/MoufManager.php:567\nStack trace:\n#0 /var/www/html/vendor/mouf/mouf/src/Mouf/MoufManager.php(257): Mouf\\MoufManager->instantiateComponent('Mouf\\\\Mvc\\\\Splash...')\n#1 /var/www/html/vendor/mouf/mouf/src/Mouf/MoufManager.php(270): Mouf\\MoufManager->get('Mouf\\\\Mvc\\\\Splash...')\n#2 /var/www/html/vendor/mouf/mvc.splash/src/splash.php(18): Mouf\\MoufManager->getInstance('Mouf\\\\Mvc\\\\Splash...')\n#3 {main}\n  thrown in /var/www/html/vendor/mouf/mouf/src/Mouf/MoufManager.php on line 567, referer: http://project.test.dev:1080/vendor/mouf/mouf/installer/installTaskDone?selfedit=false
[Tue Nov 29 12:05:14.707631 2016] [:error] [pid 45] [client 172.24.0.3:39432] PHP Fatal error:  Uncaught Mouf\\MoufInstanceNotFoundException: The object instance 'Mouf\\Mvc\\Splash\\SplashMiddleware' is not defined. in /var/www/html/vendor/mouf/mouf/src/Mouf/MoufManager.php:567\nStack trace:\n#0 /var/www/html/vendor/mouf/mouf/src/Mouf/MoufManager.php(257): Mouf\\MoufManager->instantiateComponent('Mouf\\\\Mvc\\\\Splash...')\n#1 /var/www/html/vendor/mouf/mouf/src/Mouf/MoufManager.php(270): Mouf\\MoufManager->get('Mouf\\\\Mvc\\\\Splash...')\n#2 /var/www/html/vendor/mouf/mvc.splash/src/splash.php(18): Mouf\\MoufManager->getInstance('Mouf\\\\Mvc\\\\Splash...')\n#3 {main}\n  thrown in /var/www/html/vendor/mouf/mouf/src/Mouf/MoufManager.php on line 567, referer: http://project.test.dev:1080/vendor/mouf/mouf/installer/installTaskDone?selfedit=false
[Tue Nov 29 12:05:16.947405 2016] [:error] [pid 11] [client 172.24.0.3:39440] PHP Fatal error:  Uncaught Mouf\\MoufInstanceNotFoundException: The object instance 'Mouf\\Mvc\\Splash\\SplashMiddleware' is not defined. in /var/www/html/vendor/mouf/mouf/src/Mouf/MoufManager.php:567\nStack trace:\n#0 /var/www/html/vendor/mouf/mouf/src/Mouf/MoufManager.php(257): Mouf\\MoufManager->instantiateComponent('Mouf\\\\Mvc\\\\Splash...')\n#1 /var/www/html/vendor/mouf/mouf/src/Mouf/MoufManager.php(270): Mouf\\MoufManager->get('Mouf\\\\Mvc\\\\Splash...')\n#2 /var/www/html/vendor/mouf/mvc.splash/src/splash.php(18): Mouf\\MoufManager->getInstance('Mouf\\\\Mvc\\\\Splash...')\n#3 {main}\n  thrown in /var/www/html/vendor/mouf/mouf/src/Mouf/MoufManager.php on line 567, referer: http://project.test.dev:1080/vendor/mouf/mouf/installer/installTaskDone?selfedit=false
[Tue Nov 29 12:05:19.975270 2016] [:error] [pid 86] [client 172.24.0.3:39446] PHP Fatal error:  Uncaught Mouf\\MoufInstanceNotFoundException: The object instance 'Mouf\\Mvc\\Splash\\SplashMiddleware' is not defined. in /var/www/html/vendor/mouf/mouf/src/Mouf/MoufManager.php:567\nStack trace:\n#0 /var/www/html/vendor/mouf/mouf/src/Mouf/MoufManager.php(257): Mouf\\MoufManager->instantiateComponent('Mouf\\\\Mvc\\\\Splash...')\n#1 /var/www/html/vendor/mouf/mouf/src/Mouf/MoufManager.php(270): Mouf\\MoufManager->get('Mouf\\\\Mvc\\\\Splash...')\n#2 /var/www/html/vendor/mouf/mvc.splash/src/splash.php(18): Mouf\\MoufManager->getInstance('Mouf\\\\Mvc\\\\Splash...')\n#3 {main}\n  thrown in /var/www/html/vendor/mouf/mouf/src/Mouf/MoufManager.php on line 567, referer: http://project.test.dev:1080/vendor/mouf/mouf/installer/installTaskDone?selfedit=false
[Tue Nov 29 12:05:22.310092 2016] [:error] [pid 11] [client 172.24.0.3:39458] PHP Fatal error:  Uncaught Mouf\\MoufInstanceNotFoundException: The object instance 'Mouf\\Mvc\\Splash\\SplashMiddleware' is not defined. in /var/www/html/vendor/mouf/mouf/src/Mouf/MoufManager.php:567\nStack trace:\n#0 /var/www/html/vendor/mouf/mouf/src/Mouf/MoufManager.php(257): Mouf\\MoufManager->instantiateComponent('Mouf\\\\Mvc\\\\Splash...')\n#1 /var/www/html/vendor/mouf/mouf/src/Mouf/MoufManager.php(270): Mouf\\MoufManager->get('Mouf\\\\Mvc\\\\Splash...')\n#2 /var/www/html/vendor/mouf/mvc.splash/src/splash.php(18): Mouf\\MoufManager->getInstance('Mouf\\\\Mvc\\\\Splash...')\n#3 {main}\n  thrown in /var/www/html/vendor/mouf/mouf/src/Mouf/MoufManager.php on line 567, referer: http://project.test.dev:1080/vendor/mouf/mouf/installer/installTaskDone?selfedit=false
[Tue Nov 29 12:05:25.079212 2016] [:error] [pid 86] [client 172.24.0.3:39466] PHP Fatal error:  Uncaught Mouf\\MoufInstanceNotFoundException: The object instance 'Mouf\\Mvc\\Splash\\SplashMiddleware' is not defined. in /var/www/html/vendor/mouf/mouf/src/Mouf/MoufManager.php:567\nStack trace:\n#0 /var/www/html/vendor/mouf/mouf/src/Mouf/MoufManager.php(257): Mouf\\MoufManager->instantiateComponent('Mouf\\\\Mvc\\\\Splash...')\n#1 /var/www/html/vendor/mouf/mouf/src/Mouf/MoufManager.php(270): Mouf\\MoufManager->get('Mouf\\\\Mvc\\\\Splash...')\n#2 /var/www/html/vendor/mouf/mvc.splash/src/splash.php(18): Mouf\\MoufManager->getInstance('Mouf\\\\Mvc\\\\Splash...')\n#3 {main}\n  thrown in /var/www/html/vendor/mouf/mouf/src/Mouf/MoufManager.php on line 567, referer: http://project.test.dev:1080/vendor/mouf/mouf/installer/installTaskDone?selfedit=false
[Tue Nov 29 12:05:26.461605 2016] [:error] [pid 45] [client 172.24.0.3:39472] PHP Fatal error:  Uncaught Mouf\\MoufInstanceNotFoundException: The object instance 'Mouf\\Mvc\\Splash\\SplashMiddleware' is not defined. in /var/www/html/vendor/mouf/mouf/src/Mouf/MoufManager.php:567\nStack trace:\n#0 /var/www/html/vendor/mouf/mouf/src/Mouf/MoufManager.php(257): Mouf\\MoufManager->instantiateComponent('Mouf\\\\Mvc\\\\Splash...')\n#1 /var/www/html/vendor/mouf/mouf/src/Mouf/MoufManager.php(270): Mouf\\MoufManager->get('Mouf\\\\Mvc\\\\Splash...')\n#2 /var/www/html/vendor/mouf/mvc.splash/src/splash.php(18): Mouf\\MoufManager->getInstance('Mouf\\\\Mvc\\\\Splash...')\n#3 {main}\n  thrown in /var/www/html/vendor/mouf/mouf/src/Mouf/MoufManager.php on line 567, referer: http://project.test.dev:1080/vendor/mouf/mouf/splash8install/?selfedit=false
[Tue Nov 29 12:08:06.198111 2016] [:error] [pid 11] [client 172.24.0.3:39478] PHP Fatal error:  Uncaught Mouf\\MoufInstanceNotFoundException: The object instance 'Mouf\\Mvc\\Splash\\SplashMiddleware' is not defined. in /var/www/html/vendor/mouf/mouf/src/Mouf/MoufManager.php:567\nStack trace:\n#0 /var/www/html/vendor/mouf/mouf/src/Mouf/MoufManager.php(257): Mouf\\MoufManager->instantiateComponent('Mouf\\\\Mvc\\\\Splash...')\n#1 /var/www/html/vendor/mouf/mouf/src/Mouf/MoufManager.php(270): Mouf\\MoufManager->get('Mouf\\\\Mvc\\\\Splash...')\n#2 /var/www/html/vendor/mouf/mvc.splash/src/splash.php(18): Mouf\\MoufManager->getInstance('Mouf\\\\Mvc\\\\Splash...')\n#3 {main}\n  thrown in /var/www/html/vendor/mouf/mouf/src/Mouf/MoufManager.php on line 567, referer: http://project.test.dev:1080/vendor/mouf/mouf/splash8install/configure?selfedit=false
[Tue Nov 29 12:08:09.179899 2016] [:error] [pid 44] [client 172.24.0.3:39480] ERROR: Message: Errors detected\nFile: /var/www/html/vendor/mouf/mvc.splash-common/src/Mouf/Mvc/Splash/Services/SplashCreateControllerService.php\nLine: 452\nStacktrace:\nIn /var/www/html/vendor/mouf/mvc.splash/src/Mouf/Mvc/Splash/Controllers/Admin/SplashInstallController.php at line 363: Mouf\\Mvc\\Splash\\Services\\SplashCreateControllerService->generate(Object Mouf\\MoufManager, "RootController", "rootController", "Screlec\\Middle\\Controllers", false, true, false, array( 0 => array( "url" => "/", "method" => "index", "view" => "twig", "twigFile" => "views/root/index.twig", "anyMethod" => "true", "getMethod" => "false", "postMethod" => "false", "putMethod" => "false", "deleteMethod" => "false" ) ))\nMouf\\Mvc\\Splash\\Controllers\\Admin\\SplashInstallController->generate("Screlec\\Middle\\Controllers\\", "views/", "false")\nIn /var/www/html/vendor/mouf/mouf/vendor/mouf/mvc.splash/src/Mouf/Mvc/Splash/Splash.php at line 268: array( 0 => Object Mouf\\Mvc\\Splash\\Controllers\\Admin\\SplashInstallController, 1 => "generate" ), array( 0 => "Screlec\\Middle\\Controllers", 1 => "views/", 2 => "false" ))\nIn /var/www/html/vendor/mouf/mouf/vendor/mouf/mvc.splash/src/splash.php at line 26: Mouf\\Mvc\\Splash\\Splash->route("/vendor/mouf/mouf/")\nIn /var/www/html/vendor/mouf/mouf/src/mouf_router.php at line 13: "/var/www/html/vendor/mouf/mouf/vendor/mouf/mvc.splash/src/splash.php")\n, referer: http://project.test.dev:1080/vendor/mouf/mouf/splash8install/configure?selfedit=false
AH00558: apache2: Could not reliably determine the server's fully qualified domain name, using 172.24.0.2. Set the 'ServerName' directive globally to suppress this message
[Tue Nov 29 12:20:01.530375 2016] [mpm_prefork:notice] [pid 8] AH00163: Apache/2.4.10 (Debian) configured -- resuming normal operations
[Tue Nov 29 12:20:01.530941 2016] [core:notice] [pid 8] AH00094: Command line: 'apache2 -D FOREGROUND'
[Tue Nov 29 12:20:32.206715 2016] [:error] [pid 14] [client ::1:42728] PHP Fatal error:  Class 'Composer\\Installer\\LibraryInstaller' not found in /var/www/html/vendor/mouf/mouf-installer/src/Mouf/Installer/MoufFrameworkInstaller.php on line 18
[Tue Nov 29 12:20:32.266687 2016] [:error] [pid 23] [client ::1:42730] PHP Fatal error:  Class 'Composer\\Installer\\LibraryInstaller' not found in /var/www/html/vendor/mouf/mouf-installer/src/Mouf/Installer/MoufLibraryInstaller.php on line 20
[Tue Nov 29 12:20:32.696946 2016] [:error] [pid 15] [client ::1:42732] PHP Fatal error:  Interface 'Composer\\IO\\IOInterface' not found in /var/www/html/vendor/mouf/mouf/src/Mouf/Composer/MoufComposerIO.php on line 12
[Tue Nov 29 12:20:32.761079 2016] [:error] [pid 11] [client ::1:42734] PHP Fatal error:  Interface 'Composer\\IO\\IOInterface' not found in /var/www/html/vendor/mouf/mouf/src/Mouf/Composer/MoufJsComposerIO.php on line 12
[Tue Nov 29 12:20:35.955459 2016] [:error] [pid 10] [client ::1:42736] PHP Fatal error:  Class 'Composer\\Installer\\LibraryInstaller' not found in /var/www/html/vendor/mouf/html.utils.weblibrarymanager.component-installer/src/ComponentInstaller.php on line 16
[Tue Nov 29 12:20:36.018110 2016] [:error] [pid 13] [client ::1:42738] PHP Fatal error:  Interface 'Composer\\Plugin\\PluginInterface' not found in /var/www/html/vendor/mouf/html.utils.weblibrarymanager.component-installer/src/ComponentInstallerPlugin.php on line 13
[Tue Nov 29 12:20:36.088539 2016] [:error] [pid 14] [client ::1:42740] PHP Fatal error:  Class 'Symfony\\Component\\Console\\Command\\Command' not found in /var/www/html/vendor/mouf/oo-amqp-client/src/Commands/ConsumeCommand.php on line 11
[Tue Nov 29 12:20:36.129934 2016] [:error] [pid 23] [client ::1:42742] PHP Fatal error:  Class 'Symfony\\Component\\Console\\Command\\Command' not found in /var/www/html/vendor/mouf/oo-amqp-client/src/Commands/PublishCommand.php on line 13
